<?xml version="1.0" encoding="UTF-8"?>
<!-- Generated by org.testng.reporters.JUnitXMLReporter -->
<testsuite ignored="0" hostname="DESKTOP-MG56N09" failures="1" tests="1" name="Test Demo" time="30.158" errors="0" timestamp="2023-01-12T01:17:22 IST">
  <testcase classname="io.cucumber.testng.AbstractTestNGCucumberTests" name="runScenario" time="29.616">
    <failure type="java.io.FileNotFoundException" message="D:\Testing Ducat\JavaCoding\Ducat\Java_Ducat_Selenium_A.A.J.S\CucumberJavaaSelenium\configfile\url.properties (The system cannot find the path specified)">
      <![CDATA[java.io.FileNotFoundException: D:\Testing Ducat\JavaCoding\Ducat\Java_Ducat_Selenium_A.A.J.S\CucumberJavaaSelenium\configfile\url.properties (The system cannot find the path specified)
at java.base/java.io.FileInputStream.open0(Native Method)
at java.base/java.io.FileInputStream.open(FileInputStream.java:216)
at java.base/java.io.FileInputStream.<init>(FileInputStream.java:157)
at java.base/java.io.FileInputStream.<init>(FileInputStream.java:111)
at seleniumelements.CredentailsSetup.credentail_Username_Set(CredentailsSetup.java:29)
at stepsdef.Login_Steps.step2(Login_Steps.java:26)
at âœ½.User Enter valid Username(file:///D:/Testing%20Ducat/DucatProjects/Ducat/Java_Ducat_Selenium_A.A.J.S/CucumberJavaaSeleniumAAJS/featurefile/login.feature:7)
]]>
    </failure>
  </testcase> <!-- runScenario -->
</testsuite> <!-- Test Demo -->
